wrf-masnum-pom.config.20150202-175213.nochecksum.tar
wrf-masnum-pom.config.20150202-175500.nochecksum.tar
wrf-masnum-pom.config.20150202-231628.nochecksum.tar
wrf-masnum-pom.config.20150202-232525.nochecksum.tar
wrf-masnum-pom.config.20150202-232948.nochecksum.tar
wrf-masnum-pom.config.20150203-005046.nochecksum.tar
wrf-masnum-pom.config.20150203-110015.nochecksum.tar
wrf-masnum-pom.config.20150203-162104.nochecksum.tar
wrf-masnum-pom.config.20150203-210004.nochecksum.tar
wrf-masnum-pom.config.20150204-100837.nochecksum.tar
wrf-masnum-pom.config.20150204-113734.nochecksum.tar
wrf-masnum-pom.config.20150204-114556.nochecksum.tar
wrf-masnum-pom.config.20150204-114919.nochecksum.tar
wrf-masnum-pom.config.20150204-115203.nochecksum.tar
wrf-masnum-pom.config.20150204-115619.nochecksum.tar
wrf-masnum-pom.config.20150204-115701.nochecksum.tar
wrf-masnum-pom.config.20150204-120229.nochecksum.tar
wrf-masnum-pom.config.20150204-151631.nochecksum.tar
wrf-masnum-pom.config.20150204-151810.nochecksum.tar
wrf-masnum-pom.config.20150204-151835.nochecksum.tar
wrf-masnum-pom.config.20150204-151904.nochecksum.tar
wrf-masnum-pom.config.20150204-151950.nochecksum.tar
wrf-masnum-pom.config.20150205-135243.nochecksum.tar
wrf-masnum-pom.config.20150205-135905.nochecksum.tar
wrf-masnum.config.20150205-160005.nochecksum.tar
wrf-masnum.config.20150411-141651.nochecksum.tar
wrf-masnum.config.20150412-124353.nochecksum.tar
wrf-masnum.config.20160127-114249.nochecksum.tar
wrf-masnum.config.20160127-125612.nochecksum.tar
wrf-masnum.config.20160127-130750.nochecksum.tar
wrf-masnum.config.20160524-224656.nochecksum.tar
wrf-masnum.config.20160524-225118.nochecksum.tar
wrf-masnum.config.20160527-112659.nochecksum.tar
wrf-masnum.config.20160527-113105.nochecksum.tar
wrf-masnum.config.20160527-113435.nochecksum.tar
wrf-masnum.config.20160527-113553.nochecksum.tar
wrf-masnum.config.20160527-121124.nochecksum.tar
wrf-masnum.config.20160528-195150.nochecksum.tar
wrf-masnum.config.20160528-195408.nochecksum.tar
wrf-masnum.config.20160528-200034.nochecksum.tar
wrf-masnum.config.20160529-103003.nochecksum.tar
wrf-masnum.config.20160530-165223.nochecksum.tar
wrf-masnum.config.20160530-165919.nochecksum.tar
wrf-masnum.config.20160531-181641.nochecksum.tar
wrf-masnum.config.20160531-183140.nochecksum.tar
wrf-masnum.config.20160601-153036.nochecksum.tar
wrf-masnum.config.20160601-153413.nochecksum.tar
wrf-masnum.config.20160602-154839.nochecksum.tar
wrf-masnum.config.20160602-212237.nochecksum.tar
wrf-masnum.config.20160616-155211.nochecksum.tar
wrf-masnum.config.20160618-135412.nochecksum.tar
wrf-masnum.config.20160618-135642.nochecksum.tar
wrf-masnum.config.20160618-135849.nochecksum.tar
wrf-masnum.config.20160618-140412.nochecksum.tar
wrf-masnum.config.20160618-140505.nochecksum.tar
wrf-masnum.config.20160618-140925.nochecksum.tar
wrf-masnum.config.20160618-141048.nochecksum.tar
wrf-masnum.config.20160618-141213.nochecksum.tar
wrf-masnum.config.20160618-141402.nochecksum.tar
wrf-masnum.config.20160619-095136.nochecksum.tar
wrf-masnum.config.20160619-105509.nochecksum.tar
wrf-masnum.config.20160620-095325.nochecksum.tar
wrf-masnum.config.20160621-163903.nochecksum.tar
wrf-masnum.config.20160621-164559.nochecksum.tar
wrf-masnum.config.20160621-165153.nochecksum.tar
wrf-masnum.config.20160621-214926.nochecksum.tar
wrf-masnum.config.20160831-195857.nochecksum.tar
wrf-masnum-test.config.20160902-105105.nochecksum.tar
wrf-masnum-test.config.20160902-144621.nochecksum.tar
wrf-masnum-test.config.20160902-151558.nochecksum.tar
wrf-masnum-test.config.20160902-162456.nochecksum.tar
wrf-masnum-test.config.20160902-165800.nochecksum.tar
wrf-masnum-test.config.20160902-170643.nochecksum.tar
wrf-masnum-test.config.20160902-170730.nochecksum.tar
wrf-masnum.config.20160902-190526.nochecksum.tar
wrf-masnum.config.20160902-210956.nochecksum.tar
wrf-masnum.config.20160905-114211.nochecksum.tar
wrf-masnum.config.20160910-134025.nochecksum.tar
wrf-masnum.config.20160910-134339.nochecksum.tar
wrf-masnum.config.20161216-183132.nochecksum.tar
wrf-masnum.config.20161216-183413.nochecksum.tar
wrf-masnum.config.20161216-191812.nochecksum.tar
wrf-masnum.config.20161216-202545.nochecksum.tar
wrf-masnum.config.20161216-204329.nochecksum.tar
wrf-masnum.config.20161216-204731.nochecksum.tar
wrf-masnum.config.20161217-101710.nochecksum.tar
wrf-masnum.config.20161217-115303.nochecksum.tar
wrf-masnum.config.20161217-122300.nochecksum.tar
wrf-masnum.config.20161217-134754.nochecksum.tar
wrf-masnum.config.20161217-143743.nochecksum.tar
wrf-masnum.config.20161221-112304.nochecksum.tar
wrf-masnum.config.20161221-134113.nochecksum.tar
wrf-masnum.config.20161221-134524.nochecksum.tar
wrf-masnum.config.20161221-143819.nochecksum.tar
wrf-masnum.config.20170622-164338.nochecksum.tar
wrf-masnum.config.20170622-164538.nochecksum.tar
wrf-masnum.config.20170622-172412.nochecksum.tar
wrf-masnum.config.20170622-172946.nochecksum.tar
wrf-masnum.config.20170622-223749.nochecksum.tar
wrf-masnum.config.20170713-184018.nochecksum.tar
wrf-masnum.config.20170713-184602.nochecksum.tar
wrf-masnum.config.20170713-184849.nochecksum.tar
wrf-masnum.config.20170713-195202.nochecksum.tar
wrf-masnum.config.20170713-223535.nochecksum.tar
wrf-masnum.config.20170713-235419.nochecksum.tar
wrf-masnum.config.20170714-111753.nochecksum.tar
wrf-masnum.config.20170714-123744.nochecksum.tar
wrf-masnum.config.20170714-132629.nochecksum.tar
wrf-masnum.config.20170714-154215.nochecksum.tar
wrf-masnum.config.20170714-162345.nochecksum.tar
wrf-masnum-new.config.20170714-203710.nochecksum.tar
wrf-masnum-new.config.20170714-225513.nochecksum.tar
wrf-masnum-pom-new.config.20170716-120426.nochecksum.tar
wrf-masnum-pom-new.config.20170716-153946.nochecksum.tar
wrf-masnum-pom-new.config.20170716-162304.nochecksum.tar
wrf-masnum-pom-new.config.20170716-162353.nochecksum.tar
wrf-masnum-pom-new.config.20170716-163607.nochecksum.tar
wrf-masnum-pom-new.config.20170716-164202.nochecksum.tar
wrf-masnum-pom-new.config.20170716-165715.nochecksum.tar
wrf-masnum-pom-new.config.20170716-170058.nochecksum.tar
wrf-masnum-pom-new.config.20170716-170923.nochecksum.tar
wrf-masnum-pom-new.config.20170716-171321.nochecksum.tar
wrf-masnum-pom-new.config.20170717-114102.nochecksum.tar
wrf-masnum-pom-new.config.20170717-114308.nochecksum.tar
wrf-masnum-pom-new.config.20170717-115438.nochecksum.tar
wrf-masnum-pom-new.config.20170717-132029.nochecksum.tar
wrf-masnum-pom-new.config.20170717-144117.nochecksum.tar
wrf-masnum-pom-new.config.20170717-174259.nochecksum.tar
wrf-masnum-pom-new.config.20170721-155145.nochecksum.tar
wrf-masnum-pom-new.config.20170721-171328.nochecksum.tar
wrf-masnum-pom-new.config.20170721-180411.nochecksum.tar
wrf-masnum-pom-new.config.20170722-001809.nochecksum.tar
wrf-masnum-pom-new.config.20170722-001854.nochecksum.tar
wrf-masnum-pom-new.config.20170722-002122.nochecksum.tar
wrf-masnum-pom-new.config.20170722-162118.nochecksum.tar
wrf-masnum-pom.config.20170819-175323.nochecksum.tar
wrf-masnum-pom.config.20170905-122850.nochecksum.tar
wrf-masnum-pom.config.20170905-123310.nochecksum.tar
wrf-masnum-pom.config.20170905-123521.nochecksum.tar
wrf-masnum-pom.config.20171023-152230.nochecksum.tar
wrf-masnum-pom.config.20171023-153047.nochecksum.tar
wrf-masnum-pom.config.20171023-153600.nochecksum.tar
wrf-masnum.config.20171125-115736.nochecksum.tar
wrf-masnum.config.20171126-171838.nochecksum.tar
wrf-masnum.config.20171126-172459.nochecksum.tar
wrf-masnum.config.20171126-180204.nochecksum.tar
wrf-masnum.config.20171127-105357.nochecksum.tar
wrf-masnum.config.20171127-123731.nochecksum.tar
wrf-masnum.config.20171128-113836.nochecksum.tar
wrf-masnum.config.20171128-122952.nochecksum.tar
wrf-masnum.config.20171128-131232.nochecksum.tar
wrf-masnum.config.20171128-132401.nochecksum.tar
wrf-masnum.config.20171128-132918.nochecksum.tar
wrf-masnum.config.20171128-133215.nochecksum.tar
wrf-masnum.config.20171128-133743.nochecksum.tar
wrf-masnum.config.20171128-134851.nochecksum.tar
wrf-masnum.config.20171128-135058.nochecksum.tar
wrf-masnum.config.20171128-135150.nochecksum.tar
wrf-masnum.config.20171129-170146.nochecksum.tar
wrf-masnum.config.20171129-200805.nochecksum.tar
wrf-masnum.config.20171203-180920.nochecksum.tar
wrf-masnum.config.20171204-095822.nochecksum.tar
wrf-masnum.config.20171204-100039.nochecksum.tar
wrf-masnum.config.20171204-100924.nochecksum.tar
wrf-masnum.config.20171204-101129.nochecksum.tar
wrf-masnum.config.20171204-101529.nochecksum.tar
wrf-masnum.config.20171204-102436.nochecksum.tar
wrf-masnum.config.20171204-102752.nochecksum.tar
wrf-masnum.config.20171204-102955.nochecksum.tar
wrf-masnum.config.20171204-103241.nochecksum.tar
wrf-masnum.config.20171204-104340.nochecksum.tar
wrf-masnum.config.20171204-130036.nochecksum.tar
wrf-masnum.config.20171219-151623.nochecksum.tar
wrf-masnum.config.20171219-153432.nochecksum.tar
wrf-masnum.config.20171219-154809.nochecksum.tar
wrf-masnum.config.20171219-154835.nochecksum.tar
wrf-masnum.config.20171219-162155.nochecksum.tar
wrf-masnum.config.20171227-195549.nochecksum.tar
wrf-masnum.config.20171227-195608.nochecksum.tar
wrf-masnum.config.20171227-200125.nochecksum.tar
wrf-masnum.config.20171227-200951.nochecksum.tar
wrf-masnum.config.20180602-150017.nochecksum.tar
wrf-masnum.config.20180602-151701.nochecksum.tar
wrf-masnum.config.20180602-154405.nochecksum.tar
wrf-masnum.config.20180602-160629.nochecksum.tar
wrf-masnum.config.20180602-161031.nochecksum.tar
wrf-masnum.config.20180602-161233.nochecksum.tar
wrf-masnum.config.20180602-161547.nochecksum.tar
wrf-masnum.config.20180602-161857.nochecksum.tar
wrf-masnum.config.20180604-101558.nochecksum.tar
wrf-masnum.config.20180604-152944.nochecksum.tar
wrf-masnum.config.20180604-161258.nochecksum.tar
wrf-masnum.config.20180606-144800.nochecksum.tar
wrf-masnum.config.20180606-165327.nochecksum.tar
wrf-masnum.config.20180607-104944.nochecksum.tar
wrf-masnum.config.20180607-110030.nochecksum.tar
wrf-masnum.config.20180607-112054.nochecksum.tar
wrf-masnum.config.20180607-113007.nochecksum.tar
wrf-masnum.config.20180607-144225.nochecksum.tar
wrf-masnum.config.20180607-150833.nochecksum.tar
wrf-masnum.config.20180607-151608.nochecksum.tar
wrf-masnum.config.20180607-151949.nochecksum.tar
wrf-masnum.config.20180607-152211.nochecksum.tar
wrf-masnum.config.20180607-153006.nochecksum.tar
wrf-masnum.config.20180607-155037.nochecksum.tar
wrf-masnum.config.20180607-155258.nochecksum.tar
wrf-masnum.config.20180607-155940.nochecksum.tar
wrf-masnum.config.20180607-160348.nochecksum.tar
wrf-masnum.config.20180607-160641.nochecksum.tar
wrf-masnum.config.20180607-160919.nochecksum.tar
wrf-masnum.config.20180607-161049.nochecksum.tar
wrf-masnum.config.20180607-161505.nochecksum.tar
wrf-masnum.config.20180607-161957.nochecksum.tar
wrf-masnum.config.20180607-162016.nochecksum.tar
wrf-masnum.config.20180607-162248.nochecksum.tar
wrf-masnum.config.20180607-162904.nochecksum.tar
wrf-masnum.config.20180607-162914.nochecksum.tar
wrf-masnum.config.20180607-163137.nochecksum.tar
wrf-masnum.config.20180607-164011.nochecksum.tar
wrf-masnum.config.20180607-164125.nochecksum.tar
wrf-masnum.config.20180607-164345.nochecksum.tar
wrf-masnum.config.20180607-164606.nochecksum.tar
wrf-masnum.config.20180607-164729.nochecksum.tar
wrf-masnum.config.20180607-164932.nochecksum.tar
wrf-masnum.config.20180607-165253.nochecksum.tar
wrf-masnum.config.20180607-213459.nochecksum.tar
wrf-masnum.config.20180607-213919.nochecksum.tar
wrf-masnum.config.20180607-214238.nochecksum.tar
wrf-masnum.config.20180607-214404.nochecksum.tar
wrf-masnum.config.20180607-214537.nochecksum.tar
wrf-masnum.config.20180607-214844.nochecksum.tar
wrf-masnum.config.20180607-220846.nochecksum.tar
wrf-masnum.config.20180607-221008.nochecksum.tar
wrf-masnum.config.20180607-221021.nochecksum.tar
wrf-masnum.config.20180607-223358.nochecksum.tar
wrf-masnum.config.20180607-223551.nochecksum.tar
wrf-masnum.config.20180607-223726.nochecksum.tar
wrf-masnum.config.20180607-224223.nochecksum.tar
wrf-masnum.config.20180607-224349.nochecksum.tar
wrf-masnum.config.20180607-231330.nochecksum.tar
wrf-masnum.config.20180608-090310.nochecksum.tar
wrf-masnum.config.20180608-103041.nochecksum.tar
wrf-masnum.config.20180608-142435.nochecksum.tar
wrf-masnum.config.20180612-232417.nochecksum.tar
wrf-masnum.config.20190403-181323.nochecksum.tar
wrf-masnum.config.20190403-192146.nochecksum.tar
wrf-masnum.config.20190403-202218.nochecksum.tar
wrf-masnum.config.20190403-202447.nochecksum.tar
wrf-masnum.config.20190403-202649.nochecksum.tar
wrf-masnum.config.20190403-205518.nochecksum.tar
wrf-masnum.config.20190403-205731.nochecksum.tar
wrf-masnum.config.20190403-210016.nochecksum.tar
wrf-masnum.config.20190403-210453.nochecksum.tar
wrf-masnum.config.20190403-212606.nochecksum.tar
wrf-pom-new.config.20190404-181551.nochecksum.tar
wrf-pom-new.config.20190404-182047.nochecksum.tar
wrf-pom-new.config.20190404-182219.nochecksum.tar
wrf-pom-new.config.20190404-182441.nochecksum.tar
wrf-pom-new.config.20190404-190704.nochecksum.tar
wrf-pom-new.config.20190404-195820.nochecksum.tar
wrf-pom-new.config.20190405-141617.nochecksum.tar
wrf-pom-new.config.20190405-141750.nochecksum.tar
wrf-pom-new.config.20190405-145142.nochecksum.tar
wrf-pom-new.config.20190405-152533.nochecksum.tar
wrf-pom-new.config.20190405-153455.nochecksum.tar
wrf-pom-new.config.20190405-153505.nochecksum.tar
wrf-pom-new.config.20190405-153759.nochecksum.tar
wrf-pom-new.config.20190405-164134.nochecksum.tar
wrf-pom-new.config.20190405-173158.nochecksum.tar
wrf-masnum-pom.config.20190410-165031.nochecksum.tar
wrf-masnum-pom.config.20190410-165326.nochecksum.tar
wrf-masnum-pom.config.20190415-094823.nochecksum.tar
wrf-masnum-pom.config.20190417-161620.nochecksum.tar
wrf-masnum-pom.config.20190417-162946.nochecksum.tar
wrf-masnum-pom.config.20190429-174757.nochecksum.tar
wrf-masnum-pom.config.20190501-205634.nochecksum.tar
wrf-masnum-pom.config.20190501-210915.nochecksum.tar
wrf-masnum-pom.config.20190508-112540.nochecksum.tar
wrf-masnum-pom.config.20190508-191151.nochecksum.tar
wrf-masnum-pom.config.20190509-091152.nochecksum.tar
wrf-masnum-pom.config.20190513-100732.nochecksum.tar
wrf-masnum-pom.config.20190513-162603.nochecksum.tar
wrf-masnum-pom.config.20190522-101712.nochecksum.tar
wrf-masnum-pom.config.20190906-152524.nochecksum.tar
wrf-masnum-pom-new.config.20190909-151946.nochecksum.tar
wrf-masnum-pom-new.config.20190909-200422.nochecksum.tar
wrf-masnum-pom-new.config.20190909-205558.nochecksum.tar
wrf-masnum-pom-new.config.20190910-092019.nochecksum.tar
wrf-masnum-pom-new.config.20190910-100813.nochecksum.tar
wrf-masnum-pom-new.config.20190910-105501.nochecksum.tar
wrf-masnum-pom-new.config.20190910-114928.nochecksum.tar
wrf-masnum-pom-new.config.20190910-123438.nochecksum.tar
wrf-masnum-pom-new.config.20190910-132636.nochecksum.tar
wrf-masnum-pom-new.config.20190910-135827.nochecksum.tar
wrf-masnum-pom-new.config.20190910-151048.nochecksum.tar
wrf-masnum-pom.config.20190910-161727.nochecksum.tar
wrf-masnum-pom.config.20190911-095720.nochecksum.tar
wrf-masnum-pom.config.20190911-100443.nochecksum.tar
experiment.config.20190911-123538.nochecksum.tar
experiment.config.20190916-112635.nochecksum.tar
experiment.config.20190916-151542.nochecksum.tar
experiment.config.20190916-151827.nochecksum.tar
experiment.config.20190917-101246.nochecksum.tar
experiment.config.20190917-101412.nochecksum.tar
experiment.config.20190917-102343.nochecksum.tar
experiment.config.20190917-102904.nochecksum.tar
experiment.config.20190917-105419.nochecksum.tar
experiment.config.20190917-110838.nochecksum.tar
experiment.config.20190917-111449.nochecksum.tar
experiment.config.20190917-111452.nochecksum.tar
experiment.config.20190917-121916.nochecksum.tar
experiment.config.20190917-122026.nochecksum.tar
experiment.config.20190917-122450.nochecksum.tar
experiment.config.20190920-095045.nochecksum.tar
experiment.config.20190920-095203.nochecksum.tar
experiment.config.20190925-163735.nochecksum.tar
experiment.config.20190925-164436.nochecksum.tar
experiment.config.20190925-172318.nochecksum.tar
experiment.config.20190925-173313.nochecksum.tar
experiment.config.20191011-212550.nochecksum.tar
experiment.config.20191013-005833.nochecksum.tar
wrf_test.config.20191028-181003.nochecksum.tar
experiment.config.20191028-222404.nochecksum.tar
experiment.config.20191224-202043.nochecksum.tar
experiment.config.20191224-205736.nochecksum.tar
experiment.config.20191224-233212.nochecksum.tar
experiment.config.20191224-233339.nochecksum.tar
experiment.config.20191225-001502.nochecksum.tar
experiment.config.20191225-093321.nochecksum.tar
experiment.config.20191225-112708.nochecksum.tar
experiment.config.20191225-120237.nochecksum.tar
experiment.config.20191226-103601.nochecksum.tar
experiment.config.20191226-113312.nochecksum.tar
experiment.config.20191226-132412.nochecksum.tar
experiment.config.20191226-133434.nochecksum.tar
experiment.config.20191226-133535.nochecksum.tar
experiment.config.20191226-142926.nochecksum.tar
experiment.config.20191227-093119.nochecksum.tar
experiment.config.20191227-100349.nochecksum.tar
experiment.config.20191227-102449.nochecksum.tar
experiment.config.20191227-221548.nochecksum.tar
experiment.config.20191228-112506.nochecksum.tar
experiment.config.20191228-120814.nochecksum.tar
experiment.config.20191231-142401.nochecksum.tar
experiment.config.20200224-172810.nochecksum.tar
experiment.config.20200229-225648.nochecksum.tar
experiment.config.20200301-005311.nochecksum.tar
experiment.config.20200301-111906.nochecksum.tar
experiment.config.20200301-183046.nochecksum.tar
experiment.config.20200301-184504.nochecksum.tar
experiment.config.20200301-221911.nochecksum.tar
experiment.config.20200302-105036.nochecksum.tar
experiment.config.20200302-105713.nochecksum.tar
experiment.config.20200302-110236.nochecksum.tar
experiment.config.20200302-110735.nochecksum.tar
experiment.config.20200302-114030.nochecksum.tar
experiment.config.20200302-120639.nochecksum.tar
experiment.config.20200302-121650.nochecksum.tar
experiment.config.20200302-123356.nochecksum.tar
experiment.config.20200302-130604.nochecksum.tar
experiment.config.20200302-140054.nochecksum.tar
experiment.config.20200302-140340.nochecksum.tar
experiment.config.20200303-100407.nochecksum.tar
experiment.config.20200303-155649.nochecksum.tar
experiment.config.20200303-165835.nochecksum.tar
experiment.config.20200304-120503.nochecksum.tar
experiment.config.20200304-145106.nochecksum.tar
experiment.config.20200304-150925.nochecksum.tar
experiment.config.20200304-152338.nochecksum.tar
experiment.config.20200304-211239.nochecksum.tar
experiment.config.20200305-233808.nochecksum.tar
