FGOALS-gc.piControl.SCRIP.config.20150114-232353.nochecksum.tar
FGOALS-gc.piControl.SCRIP.config.20150114-232450.nochecksum.tar
FGOALS-gc.piControl.SCRIP.config.20150115-010954.nochecksum.tar
FGOALS-gc.piControl.SCRIP.config.20150131-224604.nochecksum.tar
FGOALS-gc.piControl.SCRIP.config.20150131-225329.nochecksum.tar
FGOALS-gc.piControl.SCRIP.config.20150408-134140.nochecksum.tar
FGOALS-gc.piControl.SCRIP.config.20150413-005311.nochecksum.tar
FGOALS-gc.piControl.SCRIP.config.20150413-170951.nochecksum.tar
FGOALS-gc.piControl.SCRIP.config.20150424-194418.nochecksum.tar
FGOALS-gc.piControl.SCRIP.config.20150424-230916.nochecksum.tar
FGOALS-gc.piControl.SCRIP.config.20150501-230424.nochecksum.tar
FGOALS-gc.piControl.SCRIP.config.20150504-111349.nochecksum.tar
FGOALS-gc.piControl.SCRIP.config.20150504-144341.nochecksum.tar
FGOALS-gc.piControl.SCRIP.config.20150505-133528.nochecksum.tar
FGOALS-gc.piControl.SCRIP.config.20150505-192107.nochecksum.tar
FGOALS-gc.piControl.SCRIP.config.20150505-192352.nochecksum.tar
FGOALS-gc.piControl.SCRIP.config.20150506-100621.nochecksum.tar
FGOALS-gc.piControl.SCRIP.config.20150506-104401.nochecksum.tar
FGOALS-gc.piControl.SCRIP.config.20150506-223954.nochecksum.tar
FGOALS-gc.piControl.SCRIP.config.20150510-001328.nochecksum.tar
FGOALS-gc.piControl.SCRIP.config.20150511-135240.nochecksum.tar
FGOALS-gc.piControl.SCRIP.config.20150511-164227.nochecksum.tar
FGOALS-gc.piControl.SCRIP.config.20150511-164949.nochecksum.tar
FGOALS-gc.piControl.SCRIP.config.20150526-001717.checksum.tar
FGOALS-gc.piControl.SCRIP.config.20150728-153545.nochecksum.tar
FGOALS-gc.piControl.SCRIP.config.20150728-160706.checksum.tar
FGOALS-gc.piControl.SCRIP.config.20151010-230521.checksum.tar
FGOALS-gc.piControl.SCRIP.config.20151012-092742.nochecksum.tar
FGOALS-gc.piControl.SCRIP.config.20160517-162809.nochecksum.tar
FGOALS-gc.piControl.SCRIP.config.20160520-104300.nochecksum.tar
FGOALS-gc.piControl.SCRIP.config.20160529-005722.nochecksum.tar
FGOALS-gc.piControl.SCRIP.config.20160602-170909.nochecksum.tar
FGOALS-gc.piControl.SCRIP.config.20160602-171320.nochecksum.tar
FGOALS-gc.piControl.SCRIP.config.20160602-173103.nochecksum.tar
FGOALS-gc.piControl.SCRIP.config.20160603-104227.nochecksum.tar
FGOALS-gc.piControl.SCRIP.config.20160603-104534.nochecksum.tar
FGOALS-gc.piControl.SCRIP.config.20160603-133544.nochecksum.tar
FGOALS-gc.piControl.SCRIP.config.20160603-145039.nochecksum.tar
FGOALS-gc.piControl.SCRIP.config.20160612-142859.nochecksum.tar
FGOALS-gc.piControl.SCRIP.config.20160613-093803.nochecksum.tar
FGOALS-gc.piControl.SCRIP.config.20160613-094604.nochecksum.tar
FGOALS-gc.piControl.SCRIP.config.20160613-094631.nochecksum.tar
FGOALS-gc.piControl.SCRIP.config.20160613-103345.nochecksum.tar
FGOALS-gc.piControl.SCRIP.config.20160613-111954.nochecksum.tar
FGOALS-gc.piControl.SCRIP.config.20160613-162405.nochecksum.tar
FGOALS-gc.piControl.SCRIP.config.20160615-102615.nochecksum.tar
FGOALS-gc.piControl.SCRIP.config.20160616-083937.nochecksum.tar
FGOALS-gc.piControl.SCRIP.config.20160617-000136.nochecksum.tar
FGOALS-gc.piControl.SCRIP.config.20160703-001537.nochecksum.tar
FGOALS-gc.piControl.SCRIP.config.20160703-002927.nochecksum.tar
FGOALS-gc.piControl.SCRIP.config.20160703-003021.nochecksum.tar
FGOALS-gc.piControl.SCRIP.config.20160703-003516.nochecksum.tar
FGOALS-gc.piControl.SCRIP.config.20160703-003748.nochecksum.tar
FGOALS-gc.piControl.SCRIP.config.20160703-225319.nochecksum.tar
FGOALS-gc.piControl.SCRIP.config.20160704-000517.nochecksum.tar
FGOALS-gc.piControl.SCRIP.config.20160704-000539.nochecksum.tar
FGOALS-gc.piControl.SCRIP.config.20160704-001005.nochecksum.tar
FGOALS-gc.piControl.SCRIP.config.20160704-001250.nochecksum.tar
FGOALS-gc.piControl.SCRIP.config.20160704-001506.nochecksum.tar
FGOALS-gc.piControl.SCRIP.config.20160704-165127.nochecksum.tar
FGOALS-gc.piControl.SCRIP.config.20160704-231047.nochecksum.tar
FGOALS-gc.piControl.SCRIP.config.20160704-231302.nochecksum.tar
FGOALS-gc.piControl.SCRIP.config.20160705-005249.nochecksum.tar
FGOALS-gc.piControl.SCRIP.config.20160705-160503.nochecksum.tar
FGOALS-gc.piControl.SCRIP.config.20160706-112401.nochecksum.tar
FGOALS-gc.piControl.SCRIP.config.20160706-112505.nochecksum.tar
FGOALS-gc.piControl.SCRIP.config.20160706-150020.nochecksum.tar
FGOALS-gc.piControl.SCRIP.config.20160706-150218.nochecksum.tar
FGOALS-gc.piControl.SCRIP.config.20160706-160207.nochecksum.tar
FGOALS-gc.piControl.SCRIP.config.20160714-110028.nochecksum.tar
FGOALS-gc.piControl.SCRIP.config.20160716-002451.nochecksum.tar
FGOALS-gc.piControl.SCRIP.config.20160717-232322.nochecksum.tar
FGOALS-gc.piControl.SCRIP.config.20160717-232433.nochecksum.tar
FGOALS-gc.piControl.SCRIP.config.20160718-002705.nochecksum.tar
FGOALS-gc.piControl.SCRIP.config.20160814-235030.nochecksum.tar
FGOALS-gc.piControl.SCRIP.config.20160815-000908.nochecksum.tar
FGOALS-gc.piControl.SCRIP.config.20160815-163924.nochecksum.tar
FGOALS-gc.piControl.SCRIP.config.20160818-003421.nochecksum.tar
FGOALS-gc.piControl.SCRIP.config.20160818-011928.nochecksum.tar
FGOALS-gc.piControl.SCRIP.config.20160822-154041.nochecksum.tar
FGOALS-gc.piControl.SCRIP.config.20160823-155819.nochecksum.tar
FGOALS-gc.piControl.SCRIP.config.20160824-130515.nochecksum.tar
FGOALS-gc.piControl.SCRIP.config.20160827-232305.nochecksum.tar
FGOALS-gc.piControl.SCRIP.config.20160827-233957.nochecksum.tar
FGOALS-gc.piControl.SCRIP.config.20160829-010227.nochecksum.tar
FGOALS-gc.piControl.SCRIP.config.20160831-155843.nochecksum.tar
FGOALS-gc.piControl.SCRIP.config.20160907-111456.nochecksum.tar
FGOALS-gc.piControl.SCRIP.config.20160907-111805.nochecksum.tar
FGOALS-gc.piControl.SCRIP.config.20160907-121338.nochecksum.tar
FGOALS-gc.piControl.SCRIP.config.20160907-235744.nochecksum.tar
FGOALS-gc.piControl.SCRIP.config.20160908-235940.nochecksum.tar
FGOALS-gc.piControl.SCRIP.config.20160911-224452.nochecksum.tar
FGOALS-gc.piControl.SCRIP.config.20160912-003548.nochecksum.tar
FGOALS-gc.piControl.SCRIP.config.20160912-004124.nochecksum.tar
FGOALS-gc.piControl.SCRIP.config.20160914-144325.nochecksum.tar
FGOALS-gc.piControl.SCRIP.config.20160917-224938.nochecksum.tar
FGOALS-gc.piControl.SCRIP.config.20160920-164305.checksum.tar
FGOALS-gc.piControl.SCRIP.config.20160924-004221.checksum.tar
FGOALS-gc.piControl.SCRIP.config.20161024-144333.nochecksum.tar
FGOALS-gc.piControl.SCRIP.config.20161026-233310.nochecksum.tar
FGOALS-gc.piControl.SCRIP.config.20161026-234029.nochecksum.tar
FGOALS-gc.piControl.SCRIP.config.20161026-234927.nochecksum.tar
FGOALS-gc.piControl.SCRIP.config.20161026-235119.nochecksum.tar
FGOALS-gc.piControl.SCRIP.config.20161101-155317.nochecksum.tar
FGOALS-gc.piControl.SCRIP.config.20161101-160838.nochecksum.tar
FGOALS-gc.piControl.SCRIP.config.20161101-233623.nochecksum.tar
FGOALS-gc.piControl.SCRIP.config.20161103-234938.nochecksum.tar
FGOALS-gc.piControl.SCRIP.config.20161111-074310.nochecksum.tar
FGOALS-gc.piControl.SCRIP.config.20161111-125707.nochecksum.tar
FGOALS-gc.piControl.SCRIP.config.20161112-235456.nochecksum.tar
FGOALS-gc.piControl.SCRIP.config.20161113-001140.nochecksum.tar
FGOALS-gc.piControl.SCRIP.config.20161113-001302.nochecksum.tar
FGOALS-gc.piControl.SCRIP.config.20161113-002353.nochecksum.tar
FGOALS-gc.piControl.SCRIP.config.20161113-003410.nochecksum.tar
FGOALS-gc.piControl.SCRIP.config.20161113-003959.nochecksum.tar
FGOALS-gc.piControl.SCRIP.config.20161114-173251.nochecksum.tar
FGOALS-gc.piControl.SCRIP.config.20161114-173702.nochecksum.tar
FGOALS-gc.piControl.SCRIP.config.20161117-104448.nochecksum.tar
FGOALS-gc.piControl.SCRIP.config.20161121-165219.nochecksum.tar
FGOALS-gc.piControl.SCRIP.config.20161121-233652.nochecksum.tar
FGOALS-gc.piControl.SCRIP.config.20161123-152117.nochecksum.tar
FGOALS-gc.piControl.SCRIP.config.20161123-170209.nochecksum.tar
FGOALS-gc.piControl.SCRIP.config.20161125-145019.nochecksum.tar
FGOALS-gc.piControl.SCRIP.config.20161128-012208.nochecksum.tar
FGOALS-gc.piControl.SCRIP.config.20161128-222951.nochecksum.tar
FGOALS-gc.piControl.SCRIP.config.20161129-094417.nochecksum.tar
FGOALS-gc.piControl.SCRIP.config.20161129-114347.nochecksum.tar
FGOALS-gc.piControl.SCRIP.config.20161129-114535.nochecksum.tar
FGOALS-gc.piControl.SCRIP.config.20161129-141812.nochecksum.tar
FGOALS-gc.piControl.SCRIP.config.20161130-141213.nochecksum.tar
FGOALS-gc.piControl.SCRIP.config.20161201-003439.nochecksum.tar
FGOALS-gc.piControl.SCRIP.config.20161201-120253.nochecksum.tar
FGOALS-gc.piControl.SCRIP.config.20161201-195919.nochecksum.tar
FGOALS-gc.piControl.SCRIP.config.20161201-222218.nochecksum.tar
FGOALS-gc.piControl.SCRIP.config.20161202-160815.nochecksum.tar
FGOALS-gc.piControl.SCRIP.config.20161202-161447.nochecksum.tar
FGOALS-gc.piControl.SCRIP.config.20161205-173744.nochecksum.tar
FGOALS-gc.piControl.SCRIP.config.20161206-003209.nochecksum.tar
FGOALS-gc.piControl.SCRIP.config.20161212-170125.nochecksum.tar
FGOALS-gc.piControl.SCRIP.config.20161212-170534.nochecksum.tar
FGOALS-gc.piControl.SCRIP.config.20161212-170631.nochecksum.tar
FGOALS-gc.piControl.SCRIP.config.20161212-170728.nochecksum.tar
FGOALS-gc.piControl.SCRIP.config.20161212-171637.nochecksum.tar
FGOALS-gc.piControl.SCRIP.config.20161212-172219.nochecksum.tar
FGOALS-gc.piControl.SCRIP.config.20161212-173258.nochecksum.tar
FGOALS-gc.piControl.SCRIP.config.20161219-131047.nochecksum.tar
FGOALS-gc.piControl.SCRIP.config.20161219-140604.nochecksum.tar
FGOALS-gc.piControl.SCRIP.config.20161219-144723.nochecksum.tar
FGOALS-gc.piControl.SCRIP.config.20161219-230407.nochecksum.tar
FGOALS-gc.piControl.SCRIP.config.20161219-232113.nochecksum.tar
FGOALS-gc.piControl.SCRIP.config.20161219-233717.nochecksum.tar
FGOALS-gc.piControl.SCRIP.config.20161220-094833.nochecksum.tar
FGOALS-gc.piControl.SCRIP.config.20161220-102429.nochecksum.tar
FGOALS-gc.piControl.SCRIP.config.20161220-102617.nochecksum.tar
FGOALS-gc.piControl.SCRIP.config.20161220-104020.nochecksum.tar
FGOALS-gc.piControl.SCRIP.config.20161220-224205.nochecksum.tar
FGOALS-gc.piControl.SCRIP.config.20161221-092613.nochecksum.tar
FGOALS-gc.piControl.SCRIP.config.20161221-155226.nochecksum.tar
FGOALS-gc.piControl.SCRIP.config.20161221-155751.nochecksum.tar
FGOALS-gc.piControl.SCRIP.config.20161221-155916.nochecksum.tar
FGOALS-gc.piControl.SCRIP.config.20161221-161605.nochecksum.tar
FGOALS-gc.piControl.SCRIP.config.20161222-002935.nochecksum.tar
FGOALS-gc.piControl.SCRIP.config.20161222-005522.nochecksum.tar
FGOALS-gc.piControl.SCRIP.config.20161222-010119.nochecksum.tar
FGOALS-gc.piControl.SCRIP.config.20161222-083625.nochecksum.tar
FGOALS-gc.piControl.SCRIP.config.20161222-083727.nochecksum.tar
FGOALS-gc.piControl.SCRIP.config.20161222-083924.nochecksum.tar
FGOALS-gc.piControl.SCRIP.config.20161222-113933.nochecksum.tar
FGOALS-gc.piControl.SCRIP.config.20161222-153343.nochecksum.tar
FGOALS-gc.piControl.SCRIP.config.20161223-103021.nochecksum.tar
FGOALS-gc.piControl.SCRIP.config.20161223-103550.nochecksum.tar
FGOALS-gc.piControl.SCRIP.config.20161223-122926.nochecksum.tar
FGOALS-gc.piControl.SCRIP.config.20161224-231737.nochecksum.tar
FGOALS-gc.piControl.SCRIP.config.20161226-164308.nochecksum.tar
FGOALS-gc.piControl.SCRIP.config.20161226-164521.nochecksum.tar
FGOALS-gc.piControl.SCRIP.config.20161226-222413.nochecksum.tar
FGOALS-gc.piControl.SCRIP.config.20161227-220154.nochecksum.tar
FGOALS-gc.piControl.SCRIP.config.20161228-094607.nochecksum.tar
FGOALS-gc.piControl.SCRIP.config.20161228-100652.nochecksum.tar
FGOALS-gc.piControl.SCRIP.config.20161228-102142.nochecksum.tar
FGOALS-gc.piControl.SCRIP.config.20161228-150356.nochecksum.tar
FGOALS-gc.piControl.SCRIP.config.20161228-150858.nochecksum.tar
FGOALS-gc.piControl.SCRIP.config.20161228-152020.nochecksum.tar
FGOALS-gc.piControl.SCRIP.config.20161228-211111.nochecksum.tar
FGOALS-gc.piControl.SCRIP.config.20161228-223400.nochecksum.tar
FGOALS-gc.piControl.SCRIP.config.20161228-223629.nochecksum.tar
FGOALS-gc.piControl.SCRIP.config.20161228-224009.nochecksum.tar
FGOALS-gc.piControl.SCRIP.config.20161229-083811.nochecksum.tar
FGOALS-gc.piControl.SCRIP.config.20161229-084443.nochecksum.tar
FGOALS-gc.piControl.SCRIP.config.20161229-084909.nochecksum.tar
FGOALS-gc.piControl.SCRIP.config.20161229-085451.nochecksum.tar
FGOALS-gc.piControl.SCRIP.config.20161229-091446.nochecksum.tar
FGOALS-gc.piControl.SCRIP.config.20161229-092439.nochecksum.tar
FGOALS-gc.piControl.SCRIP.config.20161229-093113.nochecksum.tar
FGOALS-gc.piControl.SCRIP.config.20161229-093658.nochecksum.tar
FGOALS-gc.piControl.SCRIP.config.20161229-094344.nochecksum.tar
FGOALS-gc.piControl.SCRIP.config.20161229-094803.nochecksum.tar
FGOALS-gc.piControl.SCRIP.config.20161229-094948.nochecksum.tar
FGOALS-gc.piControl.SCRIP.config.20161229-095240.nochecksum.tar
FGOALS-gc.piControl.SCRIP.config.20161229-100300.nochecksum.tar
FGOALS-gc.piControl.SCRIP.config.20161229-102825.nochecksum.tar
FGOALS-gc.piControl.SCRIP.config.20161231-231707.nochecksum.tar
FGOALS-gc.piControl.SCRIP.config.20170101-012556.nochecksum.tar
FGOALS-gc.piControl.SCRIP.config.20170101-013100.nochecksum.tar
FGOALS-gc.piControl.SCRIP.config.20170114-220453.nochecksum.tar
FGOALS-gc.piControl.SCRIP.config.20170118-112649.nochecksum.tar
FGOALS-gc.piControl.SCRIP.config.20170118-112933.nochecksum.tar
FGOALS-gc.piControl.SCRIP.config.20170121-004717.nochecksum.tar
FGOALS-gc.piControl.SCRIP.config.20170122-005604.nochecksum.tar
FGOALS-gc.piControl.SCRIP.config.20170122-010956.nochecksum.tar
FGOALS-gc.piControl.SCRIP.config.20170123-161059.nochecksum.tar
FGOALS-gc.piControl.SCRIP.config.20170226-014615.nochecksum.tar
FGOALS-gc.piControl.SCRIP.config.20170226-021550.nochecksum.tar
FGOALS-gc.piControl.SCRIP.config.20170310-100313.nochecksum.tar
FGOALS-gc.piControl.SCRIP.config.20170314-154133.nochecksum.tar
FGOALS-gc.piControl.SCRIP.config.20170324-161037.nochecksum.tar
FGOALS-gc.piControl.SCRIP.config.20170328-155139.nochecksum.tar
FGOALS-gc.piControl.SCRIP.config.20170328-155854.nochecksum.tar
FGOALS-gc.piControl.SCRIP.config.20170329-231523.nochecksum.tar
FGOALS-gc.piControl.SCRIP.config.20170331-164607.nochecksum.tar
FGOALS-gc.piControl.SCRIP.config.20170331-164809.nochecksum.tar
FGOALS-gc.piControl.SCRIP.config.20170418-004901.nochecksum.tar
FGOALS-gc.piControl.SCRIP.config.20170419-225217.nochecksum.tar
FGOALS-gc.piControl.SCRIP.config.20170508-171306.nochecksum.tar
FGOALS-gc.piControl.SCRIP.config.20170509-171616.nochecksum.tar
FGOALS-gc.piControl.SCRIP.config.20170509-233134.nochecksum.tar
FGOALS-gc.piControl.SCRIP.config.20170512-182221.nochecksum.tar
FGOALS-gc.piControl.SCRIP.config.20170525-230348.nochecksum.tar
FGOALS-gc.piControl.SCRIP.config.20170602-172601.nochecksum.tar
FGOALS-gc.piControl.SCRIP.config.20170604-232249.nochecksum.tar
FGOALS-gc.piControl.SCRIP.config.20170604-232654.nochecksum.tar
First_model.config.20180117-091156.nochecksum.tar
First_model.config.20180117-103112.nochecksum.tar
First_model.config.20180117-104217.nochecksum.tar
First_model.config.20180117-104705.nochecksum.tar
First_model.config.20180117-110121.nochecksum.tar
First_model.config.20180117-110753.nochecksum.tar
First_model.config.20180117-114217.nochecksum.tar
First_model.config.20180117-121126.nochecksum.tar
First_model.config.20180117-153417.nochecksum.tar
First_model.config.20180119-204636.nochecksum.tar
First_model.config.20180119-205458.nochecksum.tar
First_model.config.20180121-185650.nochecksum.tar
First_model.config.20180121-190131.nochecksum.tar
First_model.config.20180121-192334.nochecksum.tar
First_model.config.20180121-192949.nochecksum.tar
First_model.config.20180121-193230.nochecksum.tar
First_model.config.20180121-200748.nochecksum.tar
First_model.config.20180121-202338.nochecksum.tar
First_model.config.20180121-202835.nochecksum.tar
First_model.config.20180121-203839.nochecksum.tar
First_model.config.20180122-085150.nochecksum.tar
First_model.config.20180122-085858.nochecksum.tar
First_model.config.20180122-091123.nochecksum.tar
First_model.config.20180122-092754.nochecksum.tar
First_model.config.20180122-094025.nochecksum.tar
First_model.config.20180122-094249.nochecksum.tar
First_model.config.20180122-094919.nochecksum.tar
First_model.config.20180122-095104.nochecksum.tar
First_model.config.20180122-095428.nochecksum.tar
First_model.config.20180122-101624.nochecksum.tar
First_model.config.20180122-105451.nochecksum.tar
First_model.config.20180122-121825.nochecksum.tar
First_model.config.20180122-134411.nochecksum.tar
First_model.config.20180122-140422.nochecksum.tar
First_model.config.20180122-141047.nochecksum.tar
First_model.config.20180122-141733.nochecksum.tar
First_model.config.20180122-144056.nochecksum.tar
First_model.config.20180122-145420.nochecksum.tar
First_model.config.20180122-145635.nochecksum.tar
First_model.config.20180122-150826.nochecksum.tar
First_model.config.20180122-155218.nochecksum.tar
First_model.config.20180122-155947.nochecksum.tar
First_model.config.20180123-083419.nochecksum.tar
First_model.config.20180123-091116.nochecksum.tar
First_model.config.20180123-092619.nochecksum.tar
First_model.config.20180123-095446.nochecksum.tar
First_model.config.20180123-141913.nochecksum.tar
First_model.config.20180123-145403.nochecksum.tar
First_model.config.20180123-155143.nochecksum.tar
First_model.config.20180123-160141.nochecksum.tar
First_model.config.20180123-160531.nochecksum.tar
First_model.config.20180123-160717.nochecksum.tar
First_model.config.20180123-161218.nochecksum.tar
First_model.config.20180123-162930.nochecksum.tar
First_model.config.20180123-165020.nochecksum.tar
First_model.config.20180123-170145.nochecksum.tar
First_model.config.20180123-172055.nochecksum.tar
First_model.config.20180123-172130.nochecksum.tar
First_model.config.20180123-172323.nochecksum.tar
First_model.config.20180124-092745.nochecksum.tar
First_model.config.20180124-095201.nochecksum.tar
First_model.config.20180124-102122.nochecksum.tar
First_model.config.20180124-103459.nochecksum.tar
First_model.config.20180124-104840.nochecksum.tar
First_model.config.20180124-105433.nochecksum.tar
First_model.config.20180124-112749.nochecksum.tar
First_model.config.20180124-113015.nochecksum.tar
First_model.config.20180124-131006.nochecksum.tar
First_model.config.20180124-140025.nochecksum.tar
First_model.config.20180124-142106.nochecksum.tar
First_model.config.20180125-101045.nochecksum.tar
First_model.config.20180125-143302.nochecksum.tar
First_model.config.20180125-170932.nochecksum.tar
First_model.config.20180126-104109.nochecksum.tar
First_model.config.20180126-181858.nochecksum.tar
First_model.config.20180127-121952.nochecksum.tar
First_model.config.20180127-122500.nochecksum.tar
First_model.config.20180127-123631.nochecksum.tar
First_model.config.20180127-135752.nochecksum.tar
First_model.config.20180128-091022.nochecksum.tar
First_model.config.20180131-172447.nochecksum.tar
First_model.config.20180131-195510.nochecksum.tar
First_model.config.20180310-102048.nochecksum.tar
First_model.config.20180316-104742.nochecksum.tar
First_model.config.20180317-164340.nochecksum.tar
First_model.config.20180323-202630.nochecksum.tar
First_model.config.20180323-211105.nochecksum.tar
First_model.config.20180323-211540.nochecksum.tar
First_model.config.20180325-132433.nochecksum.tar
First_model.config.20180325-160806.nochecksum.tar
First_model.config.20180325-173514.nochecksum.tar
First_model.config.20180330-150646.nochecksum.tar
First_model.config.20180427-122925.nochecksum.tar
First_model.config.20180427-131724.nochecksum.tar
First_model.config.20180429-204228.nochecksum.tar
First_model.config.20180921-164553.nochecksum.tar
First_model.config.20180927-212122.nochecksum.tar
First_model.config.20180928-150731.nochecksum.tar
wrf_ens.config.20181008-204931.nochecksum.tar
wrf_ens.config.20181008-205416.nochecksum.tar
wrf_ens.config.20181008-210410.nochecksum.tar
wrf_ens.config.20181008-221616.nochecksum.tar
wrf_ens.config.20181008-222210.nochecksum.tar
wrf_ens.config.20181008-223003.nochecksum.tar
wrf_ens.config.20181008-224504.nochecksum.tar
wrf_ens.config.20181008-233835.nochecksum.tar
wrf_ens.config.20181009-105854.nochecksum.tar
wrf_ens.config.20181009-140315.nochecksum.tar
wrf_ens.config.20181009-154503.nochecksum.tar
wrf_ens.config.20181009-185526.nochecksum.tar
wrf_ens.config.20181009-192957.nochecksum.tar
wrf_ens.config.20181009-193039.nochecksum.tar
wrf_ens.config.20181009-193247.nochecksum.tar
wrf_ens.config.20181009-193713.nochecksum.tar
wrf_ens.config.20181009-193955.nochecksum.tar
wrf_ens.config.20181010-104503.nochecksum.tar
wrf_example_201606.config.20181016-155354.nochecksum.tar
wrf_example_201606.config.20181016-164201.nochecksum.tar
wrf_example_201606.config.20181016-193858.nochecksum.tar
wrf_example_201606.config.20181017-101853.nochecksum.tar
wrf_example_201606.config.20181017-102442.nochecksum.tar
wrf_example_201606.config.20181017-124055.nochecksum.tar
wrf_example_201606.config.20181022-131917.nochecksum.tar
wrf_example_201606.config.20181022-165236.nochecksum.tar
wrf_example_201606.config.20190225-154959.nochecksum.tar
wrf_example_201606.config.20190225-195843.nochecksum.tar
wrf_example_201606.config.20190228-143140.nochecksum.tar
wrf_example_201606.config.20190313-155829.nochecksum.tar
wrf_example_201606.config.20190319-231759.nochecksum.tar
wrf_example_201606.config.20190319-233952.nochecksum.tar
wrf_example_201606.config.20190320-103212.nochecksum.tar
wrf_example_201606.config.20190320-104437.nochecksum.tar
wrf_example_201606.config.20190320-112044.nochecksum.tar
wrf_example_201606.config.20190320-112517.nochecksum.tar
wrf_example_201606.config.20190320-113454.nochecksum.tar
wrf_example_201606.config.20190320-113956.nochecksum.tar
wrf_example_201606.config.20190320-170358.nochecksum.tar
wrf_example_201606.config.20190321-222738.nochecksum.tar
wrf_example_201606.config.20190331-160704.nochecksum.tar
wrf_example_201606.config.20190401-094302.nochecksum.tar
wrf_example_201606.config.20190401-095704.nochecksum.tar
wrf_example_201606.config.20190401-100019.nochecksum.tar
wrf_example_201606.config.20190402-100349.nochecksum.tar
wrf_example_201606.config.20190402-112838.nochecksum.tar
wrf_example_201606.config.20190404-004239.nochecksum.tar
wrf_example_201606.config.20190404-095236.nochecksum.tar
wrf_example_201606.config.20190404-095425.nochecksum.tar
wrf_example_201606.config.20190405-134039.nochecksum.tar
wrf_example_201606.config.20190409-163047.nochecksum.tar
wrf_example_201606.config.20190410-105051.nochecksum.tar
wrf_example_201606.config.20190410-172901.nochecksum.tar
online_wrf.config.20190827-111410.nochecksum.tar
online_wrf.config.20190827-111737.nochecksum.tar
online_wrf.config.20190828-092623.nochecksum.tar
online_wrf_test.config.20190905-215722.nochecksum.tar
wrf_test.config.20191028-231814.nochecksum.tar
wrf_test.config.20191029-102416.nochecksum.tar
wrf_test.config.20191029-103246.nochecksum.tar
wrf_test.config.20191029-115510.nochecksum.tar
wrf_test.config.20191029-115734.nochecksum.tar
wrf_test.config.20191029-120303.nochecksum.tar
wrf_test.config.20191228-150217.nochecksum.tar
wrf_test.config.20191228-164811.nochecksum.tar
wrf_test.config.20191229-095450.nochecksum.tar
wrf_test.config.20191230-220038.nochecksum.tar
wrf_test.config.20200108-100941.nochecksum.tar
wrf_test.config.20200114-151730.nochecksum.tar
wrf_test.config.20200114-152322.nochecksum.tar
